#
# There is insufficient memory for the Java Runtime Environment to continue.
# Native memory allocation (mmap) failed to map 260046848 bytes for G1 virtual space
# Possible reasons:
#   The system is out of physical RAM or swap space
#   The process is running with CompressedOops enabled, and the Java Heap may be blocking the growth of the native heap
# Possible solutions:
#   Reduce memory load on the system
#   Increase physical memory or swap space
#   Check if swap backing store is full
#   Decrease Java heap size (-Xmx/-Xms)
#   Decrease number of Java threads
#   Decrease Java thread stack sizes (-Xss)
#   Set larger code cache with -XX:ReservedCodeCacheSize=
#   JVM is running with Zero Based Compressed Oops mode in which the Java heap is
#     placed in the first 32GB address space. The Java Heap base address is the
#     maximum limit for the native heap growth. Please use -XX:HeapBaseMinAddress
#     to set the Java Heap base and to place the Java Heap above 32GB virtual address.
# This output file may be truncated or incomplete.
#
#  Out of Memory Error (os_windows.cpp:3600), pid=12020, tid=20884
#
# JRE version:  (21.0+35) (build )
# Java VM: Java HotSpot(TM) 64-Bit Server VM (21+35-LTS-2513, mixed mode, sharing, tiered, compressed oops, compressed class ptrs, g1 gc, windows-amd64)
# No core dump will be written. Minidumps are not enabled by default on client versions of Windows
#

---------------  S U M M A R Y ------------

Command Line: -javaagent:C:\Program Files\JetBrains\IntelliJ IDEA 2023.2.3\lib\idea_rt.jar=1861:C:\Program Files\JetBrains\IntelliJ IDEA 2023.2.3\bin -Dfile.encoding=UTF-8 -Dsun.stdout.encoding=UTF-8 -Dsun.stderr.encoding=UTF-8 --module-path=C:\Users\parca\.m2\repository\org\openjfx\javafx-fxml\21-ea+5\javafx-fxml-21-ea+5-win.jar;C:\Users\parca\.m2\repository\com\fasterxml\jackson\core\jackson-databind\2.16.1\jackson-databind-2.16.1.jar;C:\Users\parca\Desktop\moodle\Moodle\target\classes;C:\Users\parca\.m2\repository\com\fasterxml\jackson\core\jackson-annotations\2.16.1\jackson-annotations-2.16.1.jar;C:\Users\parca\.m2\repository\com\fasterxml\jackson\core\jackson-core\2.16.1\jackson-core-2.16.1.jar;C:\Users\parca\.m2\repository\org\openjfx\javafx-controls\21-ea+5\javafx-controls-21-ea+5-win.jar;C:\Users\parca\.m2\repository\org\openjfx\javafx-base\21-ea+5\javafx-base-21-ea+5-win.jar;C:\Users\parca\.m2\repository\org\openjfx\javafx-graphics\21-ea+5\javafx-graphics-21-ea+5-win.jar -Djdk.module.main=com.example.moodle com.example.moodle/com.example.moodle.Main

Host: AMD Ryzen 9 5900HS with Radeon Graphics        , 16 cores, 15G,  Windows 11 , 64 bit Build 22621 (10.0.22621.2506)
Time: Thu Jan 11 20:34:47 2024 Iran Standard Time elapsed time: 0.015157 seconds (0d 0h 0m 0s)

---------------  T H R E A D  ---------------

Current thread (0x000001c6df207770):  JavaThread "Unknown thread" [_thread_in_vm, id=20884, stack(0x0000008a2c800000,0x0000008a2c900000) (1024K)]

Stack: [0x0000008a2c800000,0x0000008a2c900000]
Native frames: (J=compiled Java code, j=interpreted, Vv=VM code, C=native code)
V  [jvm.dll+0x6c8d39]
V  [jvm.dll+0x854091]
V  [jvm.dll+0x85630e]
V  [jvm.dll+0x8569e3]
V  [jvm.dll+0x2809a6]
V  [jvm.dll+0x6c5425]
V  [jvm.dll+0x6b9e1a]
V  [jvm.dll+0x3555ba]
V  [jvm.dll+0x35d206]
V  [jvm.dll+0x3adf6e]
V  [jvm.dll+0x3ae218]
V  [jvm.dll+0x328fcc]
V  [jvm.dll+0x329b5b]
V  [jvm.dll+0x81c699]
V  [jvm.dll+0x3bb2a1]
V  [jvm.dll+0x805688]
V  [jvm.dll+0x44ed9e]
V  [jvm.dll+0x4506a1]
C  [jli.dll+0x52a3]
C  [ucrtbase.dll+0x29363]
C  [KERNEL32.DLL+0x1257d]
C  [ntdll.dll+0x5aa58]


---------------  P R O C E S S  ---------------

Threads class SMR info:
_java_thread_list=0x00007fff9ac57b48, length=0, elements={
}

Java Threads: ( => current thread )
Total: 0

Other Threads:
  0x000001c6df1df960 WorkerThread "GC Thread#0"                     [id=17556, stack(0x0000008a2c900000,0x0000008a2ca00000) (1024K)]
  0x000001c6df3ee560 ConcurrentGCThread "G1 Main Marker"            [id=4940, stack(0x0000008a2ca00000,0x0000008a2cb00000) (1024K)]
  0x000001c6df1e07e0 WorkerThread "G1 Conc#0"                       [id=19572, stack(0x0000008a2cb00000,0x0000008a2cc00000) (1024K)]

[error occurred during error reporting (printing all threads), id 0xc0000005, EXCEPTION_ACCESS_VIOLATION (0xc0000005) at pc=0x00007fff9a3cc097]
VM state: not at safepoint (not fully initialized)

VM Mutex/Monitor currently owned by a thread:  ([mutex/lock_event])
[0x00007fff9acc8648] Heap_lock - owner thread: 0x000001c6df207770

Heap address: 0x0000000709800000, size: 3944 MB, Compressed Oops mode: Zero based, Oop shift amount: 3

CDS archive(s) mapped at: [0x0000000000000000-0x0000000000000000-0x0000000000000000), size 0, SharedBaseAddress: 0x0000000800000000, ArchiveRelocationMode: 1.
Narrow klass base: 0x0000000000000000, Narrow klass shift: 0, Narrow klass range: 0x0

GC Precious Log:
 CardTable entry size: 512
 Card Set container configuration: InlinePtr #cards 4 size 8 Array Of Cards #cards 16 size 48 Howl #buckets 8 coarsen threshold 3686 Howl Bitmap #cards 512 size 80 coarsen threshold 460 Card regions per heap region 1 cards per card region 4096

Heap:
 garbage-first heap   total 0K, used 0K [0x0000000709800000, 0x0000000800000000)
  region size 2048K, 0 young (0K), 0 survivors (0K)

[error occurred during error reporting (printing heap information), id 0xc0000005, EXCEPTION_ACCESS_VIOLATION (0xc0000005) at pc=0x00007fff9a7b1939]
GC Heap History (0 events):
No events

Dll operation events (1 events):
Event: 0.011 Loaded shared library C:\Program Files\Java\jdk-21\bin\java.dll

Deoptimization events (0 events):
No events

Classes loaded (0 events):
No events

Classes unloaded (0 events):
No events

Classes redefined (0 events):
No events

Internal exceptions (0 events):
No events

ZGC Phase Switch (0 events):
No events

VM Operations (0 events):
No events

Events (0 events):
No events


Dynamic libraries:
0x00007ff713de0000 - 0x00007ff713df0000 	C:\Program Files\Java\jdk-21\bin\java.exe
0x00007fffde090000 - 0x00007fffde2a7000 	C:\WINDOWS\SYSTEM32\ntdll.dll
0x00007fffdc6c0000 - 0x00007fffdc784000 	C:\WINDOWS\System32\KERNEL32.DLL
0x00007fffdb400000 - 0x00007fffdb7a6000 	C:\WINDOWS\System32\KERNELBASE.dll
0x00007fffdbbb0000 - 0x00007fffdbcc1000 	C:\WINDOWS\System32\ucrtbase.dll
0x00007fffd62b0000 - 0x00007fffd62c9000 	C:\Program Files\Java\jdk-21\bin\jli.dll
0x00007fffd0ff0000 - 0x00007fffd100b000 	C:\Program Files\Java\jdk-21\bin\VCRUNTIME140.dll
0x00007fffdcc50000 - 0x00007fffdcd01000 	C:\WINDOWS\System32\ADVAPI32.dll
0x00007fffdc560000 - 0x00007fffdc607000 	C:\WINDOWS\System32\msvcrt.dll
0x00007fffdc610000 - 0x00007fffdc6b5000 	C:\WINDOWS\System32\sechost.dll
0x00007fffdc020000 - 0x00007fffdc137000 	C:\WINDOWS\System32\RPCRT4.dll
0x00007fffdc7a0000 - 0x00007fffdc94e000 	C:\WINDOWS\System32\USER32.dll
0x00007fffc5400000 - 0x00007fffc5693000 	C:\WINDOWS\WinSxS\amd64_microsoft.windows.common-controls_6595b64144ccf1df_6.0.22621.2506_none_270c5ae97388e100\COMCTL32.dll
0x00007fffdba40000 - 0x00007fffdba66000 	C:\WINDOWS\System32\win32u.dll
0x00007fffdd750000 - 0x00007fffdd779000 	C:\WINDOWS\System32\GDI32.dll
0x00007fffdb7b0000 - 0x00007fffdb8c8000 	C:\WINDOWS\System32\gdi32full.dll
0x00007fffdbcd0000 - 0x00007fffdbd6a000 	C:\WINDOWS\System32\msvcp_win.dll
0x00007fffd60c0000 - 0x00007fffd60ca000 	C:\WINDOWS\SYSTEM32\VERSION.dll
0x00007fffddc80000 - 0x00007fffddcb1000 	C:\WINDOWS\System32\IMM32.DLL
0x00007fffd0fe0000 - 0x00007fffd0fec000 	C:\Program Files\Java\jdk-21\bin\vcruntime140_1.dll
0x00007fff9c910000 - 0x00007fff9c99e000 	C:\Program Files\Java\jdk-21\bin\msvcp140.dll
0x00007fff9a090000 - 0x00007fff9ada3000 	C:\Program Files\Java\jdk-21\bin\server\jvm.dll
0x00007fffdd780000 - 0x00007fffdd7f1000 	C:\WINDOWS\System32\WS2_32.dll
0x00007fffda210000 - 0x00007fffda25d000 	C:\WINDOWS\SYSTEM32\POWRPROF.dll
0x00007fffd8da0000 - 0x00007fffd8dd4000 	C:\WINDOWS\SYSTEM32\WINMM.dll
0x00007fffda1f0000 - 0x00007fffda203000 	C:\WINDOWS\SYSTEM32\UMPDC.dll
0x00007fffda4b0000 - 0x00007fffda4c8000 	C:\WINDOWS\SYSTEM32\kernel.appcore.dll
0x00007fffcc300000 - 0x00007fffcc30a000 	C:\Program Files\Java\jdk-21\bin\jimage.dll
0x00007fffd8b20000 - 0x00007fffd8d53000 	C:\WINDOWS\SYSTEM32\DBGHELP.DLL
0x00007fffddcc0000 - 0x00007fffde049000 	C:\WINDOWS\System32\combase.dll
0x00007fffdc9b0000 - 0x00007fffdca87000 	C:\WINDOWS\System32\OLEAUT32.dll
0x00007fffd8d60000 - 0x00007fffd8d92000 	C:\WINDOWS\SYSTEM32\dbgcore.DLL
0x00007fffdba70000 - 0x00007fffdbaea000 	C:\WINDOWS\System32\bcryptPrimitives.dll
0x00007fffad590000 - 0x00007fffad59f000 	C:\Program Files\Java\jdk-21\bin\instrument.dll
0x00007fffcc2e0000 - 0x00007fffcc2ff000 	C:\Program Files\Java\jdk-21\bin\java.dll

dbghelp: loaded successfully - version: 4.0.5 - missing functions: none
symbol engine: initialized successfully - sym options: 0x614 - pdb path: .;C:\Program Files\Java\jdk-21\bin;C:\WINDOWS\SYSTEM32;C:\WINDOWS\WinSxS\amd64_microsoft.windows.common-controls_6595b64144ccf1df_6.0.22621.2506_none_270c5ae97388e100;C:\Program Files\Java\jdk-21\bin\server

VM Arguments:
jvm_args: -javaagent:C:\Program Files\JetBrains\IntelliJ IDEA 2023.2.3\lib\idea_rt.jar=1861:C:\Program Files\JetBrains\IntelliJ IDEA 2023.2.3\bin -Dfile.encoding=UTF-8 -Dsun.stdout.encoding=UTF-8 -Dsun.stderr.encoding=UTF-8 --module-path=C:\Users\parca\.m2\repository\org\openjfx\javafx-fxml\21-ea+5\javafx-fxml-21-ea+5-win.jar;C:\Users\parca\.m2\repository\com\fasterxml\jackson\core\jackson-databind\2.16.1\jackson-databind-2.16.1.jar;C:\Users\parca\Desktop\moodle\Moodle\target\classes;C:\Users\parca\.m2\repository\com\fasterxml\jackson\core\jackson-annotations\2.16.1\jackson-annotations-2.16.1.jar;C:\Users\parca\.m2\repository\com\fasterxml\jackson\core\jackson-core\2.16.1\jackson-core-2.16.1.jar;C:\Users\parca\.m2\repository\org\openjfx\javafx-controls\21-ea+5\javafx-controls-21-ea+5-win.jar;C:\Users\parca\.m2\repository\org\openjfx\javafx-base\21-ea+5\javafx-base-21-ea+5-win.jar;C:\Users\parca\.m2\repository\org\openjfx\javafx-graphics\21-ea+5\javafx-graphics-21-ea+5-win.jar -Djdk.module.main=com.example.moodle 
java_command: com.example.moodle/com.example.moodle.Main
java_class_path (initial): C:\Users\parca\.m2\repository\org\openjfx\javafx-controls\21-ea+5\javafx-controls-21-ea+5.jar;C:\Users\parca\.m2\repository\org\openjfx\javafx-graphics\21-ea+5\javafx-graphics-21-ea+5.jar;C:\Users\parca\.m2\repository\org\openjfx\javafx-base\21-ea+5\javafx-base-21-ea+5.jar;C:\Users\parca\.m2\repository\org\openjfx\javafx-fxml\21-ea+5\javafx-fxml-21-ea+5.jar
Launcher Type: SUN_STANDARD

[Global flags]
     intx CICompilerCount                          = 12                                        {product} {ergonomic}
     uint ConcGCThreads                            = 3                                         {product} {ergonomic}
     uint G1ConcRefinementThreads                  = 13                                        {product} {ergonomic}
   size_t G1HeapRegionSize                         = 2097152                                   {product} {ergonomic}
    uintx GCDrainStackTargetSize                   = 64                                        {product} {ergonomic}
   size_t InitialHeapSize                          = 260046848                                 {product} {ergonomic}
   size_t MarkStackSize                            = 4194304                                   {product} {ergonomic}
   size_t MaxHeapSize                              = 4135583744                                {product} {ergonomic}
   size_t MinHeapDeltaBytes                        = 2097152                                   {product} {ergonomic}
   size_t MinHeapSize                              = 8388608                                   {product} {ergonomic}
    uintx NonNMethodCodeHeapSize                   = 7602480                                {pd product} {ergonomic}
    uintx NonProfiledCodeHeapSize                  = 122027880                              {pd product} {ergonomic}
    uintx ProfiledCodeHeapSize                     = 122027880                              {pd product} {ergonomic}
    uintx ReservedCodeCacheSize                    = 251658240                              {pd product} {ergonomic}
     bool SegmentedCodeCache                       = true                                      {product} {ergonomic}
   size_t SoftMaxHeapSize                          = 4135583744                             {manageable} {ergonomic}
     bool UseCompressedOops                        = true                           {product lp64_product} {ergonomic}
     bool UseG1GC                                  = true                                      {product} {ergonomic}
     bool UseLargePagesIndividualAllocation        = false                                  {pd product} {ergonomic}

Logging:
Log output configuration:
 #0: stdout all=warning uptime,level,tags foldmultilines=false
 #1: stderr all=off uptime,level,tags foldmultilines=false

Environment Variables:
PATH=C:\Program Files\Common Files\Oracle\Java\javapath;C:\Program Files (x86)\Common Files\Oracle\Java\javapath;C:\Python311\Scripts\;C:\Python311\;C:\Program Files (x86)\Python39-32\Scripts\;C:\Program Files (x86)\Python39-32\;C:\Program Files\Python39\Scripts\;C:\Program Files\Python39\;C:\Program Files (x86)\VMware\VMware Workstation\bin\;C:\WINDOWS\system32;C:\WINDOWS;C:\WINDOWS\System32\Wbem;C:\WINDOWS\System32\WindowsPowerShell\v1.0\;C:\WINDOWS\System32\OpenSSH\;C:\Program Files\Polyspace\R2021a\runtime\win64;C:\Program Files\Polyspace\R2021a\bin;C:\Program Files\Polyspace\R2021a\polyspace\bin;C:\Program Files\dotnet\;C:\Program Files\Microsoft SQL Server\130\Tools\Binn\;C:\Program Files\Microsoft SQL Server\Client SDK\ODBC\170\Tools\Binn\;C:\Program Files\mingw!\x86_64-8.1.0-win32-seh-rt_v6-rev0\mingw64\bin;C:\Curl\curl-8.1.2_3-win64-mingw\bin;C:\Curl\curl-8.1.2_3-win64-mingw\lib;C:\Curl\curl-8.1.2_3-win64-mingw\include;C:\Program Files\Mullvad VPN\resources;C:\Program Files\nodejs\;C:\ProgramData\chocolatey\bin;C:\Program Files\MongoDB\Server\7.0\bin;C:\Program Files\MongoDB\Server\7.0\bin\mongod.exe;C:\Program Files\mongosh;C:\Program Files\mongosh\mongosh.exe;C:\Program Files\Git\cmd;C:\Program Files\MySQL\MySQL Server 8.0\bin;C:\Program Files\MySQL\MySQL Shell 8.0\bin\;C:\Users\parca\AppData\Local\Microsoft\WindowsApps;C:\Users\parca\AppData\Local\Programs\Microsoft VS Code\bin;C:\Program Files\JetBrains\PyCharm 2022.2.4\bin;C:\Program Files\JetBrains\PyCharm Community Edition 2022.2.4\bin;C:\Users\parca\AppData\Local\GitHubDesktop\bin;C:\Users\parca\AppData\Local\JetBrains\Toolbox\scripts;C:\Program Files\JetBrains\CLion 2022.3.3\bin;;C:\Users\parca\AppData\Local\Programs\Hyper\resources\bin;C:\Users\parca\AppData\Roaming\npm;C:\Users\parca\AppData\Local\Microsoft\WindowsApps;C:\Program Files\mongosh\;C:\Program Files\JetBrains\IntelliJ IDEA 2023.2.3\bin;
USERNAME=parca
OS=Windows_NT
PROCESSOR_IDENTIFIER=AMD64 Family 25 Model 80 Stepping 0, AuthenticAMD
TMP=C:\Users\parca\AppData\Local\Temp
TEMP=C:\Users\parca\AppData\Local\Temp




---------------  S Y S T E M  ---------------

OS:
 Windows 11 , 64 bit Build 22621 (10.0.22621.2506)
OS uptime: 0 days 1:40 hours
Hyper-V role detected

CPU: total 16 (initial active 16) (16 cores per cpu, 2 threads per core) family 25 model 80 stepping 0 microcode 0x0, cx8, cmov, fxsr, ht, mmx, 3dnowpref, sse, sse2, sse3, ssse3, sse4a, sse4.1, sse4.2, popcnt, lzcnt, tsc, tscinvbit, avx, avx2, aes, erms, clmul, bmi1, bmi2, adx, sha, fma, vzeroupper, clflush, clflushopt, hv, rdtscp, rdpid, fsrm, f16c, cet_ss
Processor Information for processor 0
  Max Mhz: 3301, Current Mhz: 1805, Mhz Limit: 3301
Processor Information for processor 1
  Max Mhz: 3301, Current Mhz: 3301, Mhz Limit: 3301
Processor Information for processor 2
  Max Mhz: 3301, Current Mhz: 3301, Mhz Limit: 3301
Processor Information for processor 3
  Max Mhz: 3301, Current Mhz: 1805, Mhz Limit: 3301
Processor Information for processor 4
  Max Mhz: 3301, Current Mhz: 3301, Mhz Limit: 3301
Processor Information for processor 5
  Max Mhz: 3301, Current Mhz: 1805, Mhz Limit: 3301
Processor Information for processor 6
  Max Mhz: 3301, Current Mhz: 3301, Mhz Limit: 3301
Processor Information for processor 7
  Max Mhz: 3301, Current Mhz: 1805, Mhz Limit: 3301
Processor Information for processor 8
  Max Mhz: 3301, Current Mhz: 3301, Mhz Limit: 3301
Processor Information for processor 9
  Max Mhz: 3301, Current Mhz: 3301, Mhz Limit: 3301
Processor Information for processor 10
  Max Mhz: 3301, Current Mhz: 1805, Mhz Limit: 3301
Processor Information for processor 11
  Max Mhz: 3301, Current Mhz: 3301, Mhz Limit: 3301
Processor Information for processor 12
  Max Mhz: 3301, Current Mhz: 1805, Mhz Limit: 3301
Processor Information for processor 13
  Max Mhz: 3301, Current Mhz: 1805, Mhz Limit: 3301
Processor Information for processor 14
  Max Mhz: 3301, Current Mhz: 1805, Mhz Limit: 3301
Processor Information for processor 15
  Max Mhz: 3301, Current Mhz: 1805, Mhz Limit: 3301

Memory: 4k page, system-wide physical 15775M (3449M free)
TotalPageFile size 18643M (AvailPageFile size 146M)
current process WorkingSet (physical memory assigned to process): 11M, peak: 11M
current process commit charge ("private bytes"): 70M, peak: 318M

vm_info: Java HotSpot(TM) 64-Bit Server VM (21+35-LTS-2513) for windows-amd64 JRE (21+35-LTS-2513), built on 2023-08-09T20:25:10Z by "mach5one" with MS VC++ 17.1 (VS2022)

END.
